Nothing to build in platform 'design_1_wrapper'

13:03:06 **** Incremental Build of configuration Debug for project demoPietButtons ****
make all 
make --no-print-directory pre-build
a9-linaro-pre-build-step
' '
make --no-print-directory main-build
make[1]: Nothing to be done for 'main-build'.
13:03:07 **** Incremental Build of configuration Debug for project demoPietButtons_system ****
make all 
Generating bif file for the system project
generate_system_bif.bat 58029 C:/Xilinx/Fontys/projects/MO3proof/workspace/design_1_wrapper/export/design_1_wrapper/design_1_wrapper.xpfm standalone_ps7_cortexa9_0 C:/Xilinx/Fontys/projects/MO3proof/workspace/demoPietButtons_system/Debug/system.bif
sdcard_gen --xpfm C:/Xilinx/Fontys/projects/MO3proof/workspace/design_1_wrapper/export/design_1_wrapper/design_1_wrapper.xpfm --sys_config design_1_wrapper --bif C:/Xilinx/Fontys/projects/MO3proof/workspace/demoPietButtons_system/Debug/system.bif --bitstream C:/Xilinx/Fontys/projects/MO3proof/workspace/demoPietButtons/_ide/bitstream/design_1_wrapper.bit --elf C:/Xilinx/Fontys/projects/MO3proof/workspace/demoPietButtons/Debug/demoPietButtons.elf,ps7_cortexa9_0
creating BOOT.BIN using C:/Xilinx/Fontys/projects/MO3proof/workspace/demoPietButtons/_ide/bitstream/design_1_wrapper.bit
Running C:/Xilinx/Vitis/2022.1/bin/bootgen  -image C:/Xilinx/Fontys/projects/MO3proof/workspace/demoPietButtons_system/Debug/sd_card_temp/boot.bif -w -o i BOOT.BIN
Nothing to build in platform 'design_1_wrapper_1'

13:03:24 **** Incremental Build of configuration Debug for project demoPietPMODA ****
make all 
make --no-print-directory pre-build
a9-linaro-pre-build-step
' '
make --no-print-directory main-build
make[1]: Nothing to be done for 'main-build'.
13:03:25 **** Incremental Build of configuration Debug for project demoPietPMODA_system ****
make all 
Generating bif file for the system project
generate_system_bif.bat 58029 C:/Xilinx/Fontys/projects/MO3proof/workspace/design_1_wrapper_1/export/design_1_wrapper_1/design_1_wrapper_1.xpfm standalone_ps7_cortexa9_0 C:/Xilinx/Fontys/projects/MO3proof/workspace/demoPietPMODA_system/Debug/system.bif
sdcard_gen --xpfm C:/Xilinx/Fontys/projects/MO3proof/workspace/design_1_wrapper_1/export/design_1_wrapper_1/design_1_wrapper_1.xpfm --sys_config design_1_wrapper_1 --bif C:/Xilinx/Fontys/projects/MO3proof/workspace/demoPietPMODA_system/Debug/system.bif --bitstream C:/Xilinx/Fontys/projects/MO3proof/workspace/demoPietPMODA/_ide/bitstream/design_1_wrapper.bit --elf C:/Xilinx/Fontys/projects/MO3proof/workspace/demoPietPMODA/Debug/demoPietPMODA.elf,ps7_cortexa9_0
creating BOOT.BIN using C:/Xilinx/Fontys/projects/MO3proof/workspace/demoPietPMODA/_ide/bitstream/design_1_wrapper.bit
Running C:/Xilinx/Vitis/2022.1/bin/bootgen  -image C:/Xilinx/Fontys/projects/MO3proof/workspace/demoPietPMODA_system/Debug/sd_card_temp/boot.bif -w -o i BOOT.BIN
